<?xml version="1.0" encoding="UTF-8"?>
<testng-results ignored="0" total="1" passed="1" failed="0" skipped="0">
  <reporter-output>
    <line>
      <![CDATA[Stock-000000896        Stock-000000896]]>
    </line>
    <line>
      <![CDATA[Supplier-00000001953      Supplier-00000001953]]>
    </line>
    <line>
      <![CDATA[Customer-00000003320      Customer-00000003320]]>
    </line>
  </reporter-output>
  <suite started-at="2024-03-15T16:50:38 IST" name="Surefire suite" finished-at="2024-03-15T16:52:55 IST" duration-ms="137965">
    <groups>
    </groups>
    <test started-at="2024-03-15T16:50:38 IST" name="Surefire test" finished-at="2024-03-15T16:52:55 IST" duration-ms="137965">
      <class name="driverFactory.AppTest">
        <test-method signature="kickStrat()[pri:0, instance:driverFactory.AppTest@2cbb3d47]" started-at="2024-03-15T16:50:38 IST" name="kickStrat" finished-at="2024-03-15T16:52:55 IST" duration-ms="137827" status="PASS">
          <reporter-output>
            <line>
              <![CDATA[Stock-000000896        Stock-000000896]]>
            </line>
            <line>
              <![CDATA[Supplier-00000001953      Supplier-00000001953]]>
            </line>
            <line>
              <![CDATA[Customer-00000003320      Customer-00000003320]]>
            </line>
          </reporter-output>
        </test-method> <!-- kickStrat -->
      </class> <!-- driverFactory.AppTest -->
    </test> <!-- Surefire test -->
  </suite> <!-- Surefire suite -->
</testng-results>
